<?xml version="1.0" encoding="UTF-8"?>
<testsuite xmlns:xsi="http://www.w3.org/2001/XMLSchema-instance" xsi:noNamespaceSchemaLocation="https://maven.apache.org/surefire/maven-surefire-plugin/xsd/surefire-test-report-3.0.xsd" version="3.0" name="org.example.AlbumTest" time="0.009" tests="10" errors="0" skipped="0" failures="0">
  <properties>
    <property name="java.specification.version" value="18"/>
    <property name="sun.jnu.encoding" value="UTF-8"/>
    <property name="java.class.path" value="/Users/lawrence/Desktop/USF/Fall_2022/CS_514/Homework/Music-Manager/Music-Manager/target/test-classes:/Users/lawrence/Desktop/USF/Fall_2022/CS_514/Homework/Music-Manager/Music-Manager/target/classes:/Users/lawrence/.m2/repository/junit/junit/3.8.1/junit-3.8.1.jar:/Users/lawrence/.m2/repository/com/googlecode/json-simple/json-simple/1.1.1/json-simple-1.1.1.jar:/Users/lawrence/.m2/repository/org/xerial/sqlite-jdbc/3.40.0.0/sqlite-jdbc-3.40.0.0.jar:/Users/lawrence/.m2/repository/org/junit/jupiter/junit-jupiter/5.9.0/junit-jupiter-5.9.0.jar:/Users/lawrence/.m2/repository/org/junit/jupiter/junit-jupiter-api/5.9.0/junit-jupiter-api-5.9.0.jar:/Users/lawrence/.m2/repository/org/opentest4j/opentest4j/1.2.0/opentest4j-1.2.0.jar:/Users/lawrence/.m2/repository/org/junit/platform/junit-platform-commons/1.9.0/junit-platform-commons-1.9.0.jar:/Users/lawrence/.m2/repository/org/apiguardian/apiguardian-api/1.1.2/apiguardian-api-1.1.2.jar:/Users/lawrence/.m2/repository/org/junit/jupiter/junit-jupiter-params/5.9.0/junit-jupiter-params-5.9.0.jar:/Users/lawrence/.m2/repository/org/junit/jupiter/junit-jupiter-engine/5.9.0/junit-jupiter-engine-5.9.0.jar:/Users/lawrence/.m2/repository/org/junit/platform/junit-platform-engine/1.9.0/junit-platform-engine-1.9.0.jar:"/>
    <property name="java.vm.vendor" value="Oracle Corporation"/>
    <property name="sun.arch.data.model" value="64"/>
    <property name="java.vendor.url" value="https://java.oracle.com/"/>
    <property name="user.timezone" value="America/Los_Angeles"/>
    <property name="os.name" value="Mac OS X"/>
    <property name="java.vm.specification.version" value="18"/>
    <property name="sun.java.launcher" value="SUN_STANDARD"/>
    <property name="user.country" value="US"/>
    <property name="sun.boot.library.path" value="/Library/Java/JavaVirtualMachines/jdk-18.0.2.jdk/Contents/Home/lib"/>
    <property name="sun.java.command" value="/Users/lawrence/Desktop/USF/Fall_2022/CS_514/Homework/Music-Manager/Music-Manager/target/surefire/surefirebooter-20221215214233011_3.jar /Users/lawrence/Desktop/USF/Fall_2022/CS_514/Homework/Music-Manager/Music-Manager/target/surefire 2022-12-15T21-42-32_859-jvmRun1 surefire-20221215214233011_1tmp surefire_0-20221215214233011_2tmp"/>
    <property name="http.nonProxyHosts" value="local|*.local|169.254/16|*.169.254/16"/>
    <property name="jdk.debug" value="release"/>
    <property name="surefire.test.class.path" value="/Users/lawrence/Desktop/USF/Fall_2022/CS_514/Homework/Music-Manager/Music-Manager/target/test-classes:/Users/lawrence/Desktop/USF/Fall_2022/CS_514/Homework/Music-Manager/Music-Manager/target/classes:/Users/lawrence/.m2/repository/junit/junit/3.8.1/junit-3.8.1.jar:/Users/lawrence/.m2/repository/com/googlecode/json-simple/json-simple/1.1.1/json-simple-1.1.1.jar:/Users/lawrence/.m2/repository/org/xerial/sqlite-jdbc/3.40.0.0/sqlite-jdbc-3.40.0.0.jar:/Users/lawrence/.m2/repository/org/junit/jupiter/junit-jupiter/5.9.0/junit-jupiter-5.9.0.jar:/Users/lawrence/.m2/repository/org/junit/jupiter/junit-jupiter-api/5.9.0/junit-jupiter-api-5.9.0.jar:/Users/lawrence/.m2/repository/org/opentest4j/opentest4j/1.2.0/opentest4j-1.2.0.jar:/Users/lawrence/.m2/repository/org/junit/platform/junit-platform-commons/1.9.0/junit-platform-commons-1.9.0.jar:/Users/lawrence/.m2/repository/org/apiguardian/apiguardian-api/1.1.2/apiguardian-api-1.1.2.jar:/Users/lawrence/.m2/repository/org/junit/jupiter/junit-jupiter-params/5.9.0/junit-jupiter-params-5.9.0.jar:/Users/lawrence/.m2/repository/org/junit/jupiter/junit-jupiter-engine/5.9.0/junit-jupiter-engine-5.9.0.jar:/Users/lawrence/.m2/repository/org/junit/platform/junit-platform-engine/1.9.0/junit-platform-engine-1.9.0.jar:"/>
    <property name="sun.cpu.endian" value="little"/>
    <property name="user.home" value="/Users/lawrence"/>
    <property name="user.language" value="en"/>
    <property name="java.specification.vendor" value="Oracle Corporation"/>
    <property name="java.version.date" value="2022-07-19"/>
    <property name="java.home" value="/Library/Java/JavaVirtualMachines/jdk-18.0.2.jdk/Contents/Home"/>
    <property name="file.separator" value="/"/>
    <property name="basedir" value="/Users/lawrence/Desktop/USF/Fall_2022/CS_514/Homework/Music-Manager/Music-Manager"/>
    <property name="java.vm.compressedOopsMode" value="Zero based"/>
    <property name="line.separator" value="&#10;"/>
    <property name="java.vm.specification.vendor" value="Oracle Corporation"/>
    <property name="java.specification.name" value="Java Platform API Specification"/>
    <property name="apple.awt.application.name" value="ForkedBooter"/>
    <property name="surefire.real.class.path" value="/Users/lawrence/Desktop/USF/Fall_2022/CS_514/Homework/Music-Manager/Music-Manager/target/surefire/surefirebooter-20221215214233011_3.jar"/>
    <property name="sun.management.compiler" value="HotSpot 64-Bit Tiered Compilers"/>
    <property name="ftp.nonProxyHosts" value="local|*.local|169.254/16|*.169.254/16"/>
    <property name="java.runtime.version" value="18.0.2+9-61"/>
    <property name="user.name" value="lawrence"/>
    <property name="path.separator" value=":"/>
    <property name="os.version" value="13.0.1"/>
    <property name="java.runtime.name" value="Java(TM) SE Runtime Environment"/>
    <property name="file.encoding" value="UTF-8"/>
    <property name="java.vm.name" value="Java HotSpot(TM) 64-Bit Server VM"/>
    <property name="localRepository" value="/Users/lawrence/.m2/repository"/>
    <property name="java.vendor.url.bug" value="https://bugreport.java.com/bugreport/"/>
    <property name="java.io.tmpdir" value="/var/folders/qh/6v_k50cs7fx3bc3ss07mcq7h0000gn/T/"/>
    <property name="idea.version" value="2022.2"/>
    <property name="java.version" value="18.0.2"/>
    <property name="user.dir" value="/Users/lawrence/Desktop/USF/Fall_2022/CS_514/Homework/Music-Manager/Music-Manager"/>
    <property name="os.arch" value="aarch64"/>
    <property name="java.vm.specification.name" value="Java Virtual Machine Specification"/>
    <property name="native.encoding" value="UTF-8"/>
    <property name="java.library.path" value="/Users/lawrence/Library/Java/Extensions:/Library/Java/Extensions:/Network/Library/Java/Extensions:/System/Library/Java/Extensions:/usr/lib/java:."/>
    <property name="java.vm.info" value="mixed mode, sharing"/>
    <property name="java.vendor" value="Oracle Corporation"/>
    <property name="java.vm.version" value="18.0.2+9-61"/>
    <property name="sun.io.unicode.encoding" value="UnicodeBig"/>
    <property name="socksNonProxyHosts" value="local|*.local|169.254/16|*.169.254/16"/>
    <property name="java.class.version" value="62.0"/>
  </properties>
  <testcase name="fromSQL" classname="org.example.AlbumTest" time="0.004"/>
  <testcase name="getName" classname="org.example.AlbumTest" time="0"/>
  <testcase name="setArtist" classname="org.example.AlbumTest" time="0"/>
  <testcase name="toSQL" classname="org.example.AlbumTest" time="0.001"/>
  <testcase name="getAudioDbId" classname="org.example.AlbumTest" time="0"/>
  <testcase name="getArtist" classname="org.example.AlbumTest" time="0.001"/>
  <testcase name="testEquals" classname="org.example.AlbumTest" time="0"/>
  <testcase name="setSongs" classname="org.example.AlbumTest" time="0"/>
  <testcase name="setAudioDbId" classname="org.example.AlbumTest" time="0"/>
  <testcase name="getSongs" classname="org.example.AlbumTest" time="0.001"/>
</testsuite>